<?xml version="1.0" encoding="UTF-8"?>
<!-- Generated by org.testng.reporters.JUnitReportReporter -->
<testsuite hostname="admin-PC" failures="0" tests="1" name="Testcases.verifySignUp" time="12.776" errors="0" timestamp="2022-04-13T12:54:56 IST" skipped="0">
  <testcase classname="Testcases.verifySignUp" name="signUp" time="12.776"/>
  <system-out/>
</testsuite> <!-- Testcases.verifySignUp -->
