<?xml version="1.0" encoding="UTF-8"?>
<!-- Generated by org.testng.reporters.JUnitReportReporter -->
<testsuite hostname="admin-PC" failures="0" tests="1" name="Testcases.VerifySignIn" time="4.120" errors="0" timestamp="2022-04-12T16:04:14 IST" skipped="0">
  <testcase classname="Testcases.VerifySignIn" name="enterCredentials" time="4.120"/>
  <system-out/>
</testsuite> <!-- Testcases.VerifySignIn -->
