<?xml version="1.0" encoding="UTF-8"?>
<!-- Generated by org.testng.reporters.JUnitReportReporter -->
<testsuite hostname="admin-PC" failures="0" tests="1" name="Testcases.verifySignUp" time="10.142" errors="0" timestamp="2022-04-17T23:26:14 IST" skipped="0">
  <testcase classname="Testcases.verifySignUp" name="signUp" time="10.142"/>
  <system-out/>
</testsuite> <!-- Testcases.verifySignUp -->
