<?xml version="1.0" encoding="UTF-8"?>
<!-- Generated by org.testng.reporters.JUnitReportReporter -->
<testsuite hostname="admin-PC" failures="0" tests="2" name="Testcases.VerifySignIn" time="8.893" errors="0" timestamp="2022-04-17T23:27:22 IST" skipped="0">
  <testcase classname="Testcases.VerifySignIn" name="enterCredentials" time="5.132"/>
  <system-out/>
  <testcase classname="Testcases.VerifySignIn" name="enterCredentials" time="3.761"/>
  <system-out/>
</testsuite> <!-- Testcases.VerifySignIn -->
