<?xml version="1.0" encoding="UTF-8"?>
<!-- Generated by org.testng.reporters.JUnitReportReporter -->
<testsuite hostname="admin-PC" failures="0" tests="1" name="Testcases.verifySignUp" time="10.234" errors="0" timestamp="2022-04-18T08:02:30 IST" skipped="0">
  <testcase classname="Testcases.verifySignUp" name="signUp" time="10.234"/>
  <system-out/>
</testsuite> <!-- Testcases.verifySignUp -->
