<?xml version="1.0" encoding="UTF-8"?>
<!-- Generated by org.testng.reporters.JUnitReportReporter -->
<testsuite hostname="admin-PC" failures="0" tests="2" name="Testcases.VerifySignIn" time="13.252" errors="0" timestamp="2022-04-18T08:02:30 IST" skipped="0">
  <testcase classname="Testcases.VerifySignIn" name="enterCredentials" time="5.062"/>
  <system-out/>
  <testcase classname="Testcases.VerifySignIn" name="enterCredentials" time="8.190"/>
  <system-out/>
</testsuite> <!-- Testcases.VerifySignIn -->
